f:\m\code\keshe\keshe\x64\debug\vc143.pdb
f:\m\code\keshe\keshe\x64\debug\vc143.idb
f:\m\code\keshe\keshe\x64\debug\resource_manager.obj
f:\m\code\keshe\keshe\x64\debug\register_interface.obj
f:\m\code\keshe\keshe\x64\debug\management_interface.obj
f:\m\code\keshe\keshe\x64\debug\main.obj
f:\m\code\keshe\keshe\x64\debug\linked_list.obj
f:\m\code\keshe\keshe\x64\debug\equipment_management.obj
f:\m\code\keshe\keshe\x64\debug\lab_room.obj
f:\m\code\keshe\keshe\x64\debug\info_operations.obj
f:\m\code\keshe\keshe\x64\debug\id_manager.obj
f:\m\code\keshe\keshe\x64\debug\experimental_equipment.obj
f:\m\code\keshe\keshe\x64\debug\category.obj
f:\m\code\keshe\x64\debug\keshe.exe
f:\m\code\keshe\x64\debug\keshe.pdb
f:\m\code\keshe\keshe\x64\debug\keshe.ilk
f:\m\code\keshe\keshe\x64\debug\account.obj
f:\m\code\keshe\keshe\x64\debug\login_interface.obj
f:\m\code\keshe\keshe\x64\debug\keshe.tlog\cl.command.1.tlog
f:\m\code\keshe\keshe\x64\debug\keshe.tlog\cl.items.tlog
f:\m\code\keshe\keshe\x64\debug\keshe.tlog\cl.read.1.tlog
f:\m\code\keshe\keshe\x64\debug\keshe.tlog\cl.write.1.tlog
f:\m\code\keshe\keshe\x64\debug\keshe.tlog\link.command.1.tlog
f:\m\code\keshe\keshe\x64\debug\keshe.tlog\link.read.1.tlog
f:\m\code\keshe\keshe\x64\debug\keshe.tlog\link.secondary.1.tlog
f:\m\code\keshe\keshe\x64\debug\keshe.tlog\link.write.1.tlog
